<?xml version="1.0" encoding="UTF-8"?>
<!-- Generated by org.testng.reporters.JUnitReportReporter -->
<testsuite hostname="DESKTOP-M0OO5DE" failures="0" tests="1" name="testNgPractice.MakeMyTrip1" time="116.046" errors="0" timestamp="2022-11-13T12:33:20 IST" skipped="0">
  <testcase classname="testNgPractice.MakeMyTrip1" name="bookFlightMakeMyTrip" time="116.046"/>
  <system-out/>
</testsuite> <!-- testNgPractice.MakeMyTrip1 -->
