<?xml version="1.0" encoding="UTF-8"?>
<!-- Generated by org.testng.reporters.JUnitReportReporter -->
<testsuite hostname="DESKTOP-M0OO5DE" failures="0" tests="1" name="practice.VtigerDelOrg" time="16.979" errors="0" timestamp="2022-11-15T11:55:44 IST" skipped="0">
  <testcase classname="practice.VtigerDelOrg" name="DelOrg" time="16.979"/>
  <system-out/>
</testsuite> <!-- practice.VtigerDelOrg -->
