<?xml version="1.0" encoding="UTF-8"?>
<!-- Generated by org.testng.reporters.JUnitReportReporter -->
<testsuite hostname="DESKTOP-M0OO5DE" failures="0" tests="1" name="mavenPac.ModifyTest" time="0.010" errors="0" timestamp="2022-11-15T14:50:07 IST" skipped="0">
  <testcase classname="mavenPac.ModifyTest" name="modifyTest" time="0.010"/>
  <system-out/>
</testsuite> <!-- mavenPac.ModifyTest -->
