<?xml version="1.0" encoding="UTF-8"?>
<!-- Generated by org.testng.reporters.JUnitReportReporter -->
<testsuite hostname="DESKTOP-M0OO5DE" failures="0" tests="1" name="testNgPractice.MakeMyTrip2" time="94.917" errors="0" timestamp="2022-11-14T10:52:22 IST" skipped="0">
  <testcase classname="testNgPractice.MakeMyTrip2" name="myTrip" time="94.917"/>
  <system-out/>
</testsuite> <!-- testNgPractice.MakeMyTrip2 -->
