<?xml version="1.0" encoding="UTF-8"?>
<!-- Generated by org.testng.reporters.JUnitReportReporter -->
<testsuite hostname="DESKTOP-M0OO5DE" failures="0" tests="1" name="practice.Amazon" time="71.926" errors="0" timestamp="2022-11-15T18:02:05 IST" skipped="0">
  <testcase classname="practice.Amazon" name="main" time="71.926"/>
  <system-out/>
</testsuite> <!-- practice.Amazon -->
