<?xml version="1.0" encoding="UTF-8"?>
<!-- Generated by org.testng.reporters.JUnitReportReporter -->
<testsuite hostname="DESKTOP-M0OO5DE" failures="0" tests="1" name="testNgPractice.Spicejet1" time="52.611" errors="0" timestamp="2022-11-10T12:12:53 IST" skipped="0">
  <testcase classname="testNgPractice.Spicejet1" name="bookFlight" time="52.611"/>
  <system-out/>
</testsuite> <!-- testNgPractice.Spicejet1 -->
