<?xml version="1.0" encoding="UTF-8"?>
<!-- Generated by org.testng.reporters.JUnitReportReporter -->
<testsuite hostname="DESKTOP-M0OO5DE" failures="0" tests="1" name="testNgPractice.VtigerSort" time="15.332" errors="0" timestamp="2022-11-11T11:01:18 IST" skipped="0">
  <testcase classname="testNgPractice.VtigerSort" name="vtigerSort" time="15.332"/>
  <system-out/>
</testsuite> <!-- testNgPractice.VtigerSort -->
