<?xml version="1.0" encoding="UTF-8"?>
<!-- Generated by org.testng.reporters.JUnitReportReporter -->
<testsuite hostname="DESKTOP-M0OO5DE" failures="0" tests="1" name="mavenPac.CreateTest" time="0.002" errors="0" timestamp="2022-11-15T14:50:07 IST" skipped="0">
  <testcase classname="mavenPac.CreateTest" name="createTest" time="0.002"/>
  <system-out/>
</testsuite> <!-- mavenPac.CreateTest -->
